[ashobiz.asia/boot-extended12/ui/ui-252.html]
[backblue.gif]
[fade.gif]
[index.html]
[ashobiz.asia/boot-extended12/ui/img/ui-252/1.jpg]
[ashobiz.asia/boot-extended12/ui/img/ui-252/2.jpg]
[ashobiz.asia/boot-extended12/ui/img/ui-252/3.jpg]
[ashobiz.asia/boot-extended12/ui/img/ui-252/4.jpg]
[ashobiz.asia/boot-extended12/ui/img/ui-252/5.jpg]
[ashobiz.asia/boot-extended12/ui/img/ui-252/6.jpg]
[ashobiz.asia/boot-extended12/ui/img/ui-252/7.jpg]
[ashobiz.asia/boot-extended12/ui/img/ui-252/8.jpg]
[ashobiz.asia/boot-extended12/ui/js/jquery.js]
[ashobiz.asia/boot-extended12/ui/js/bootstrap.min.js]
[ashobiz.asia/boot-extended12/ui/js/jquery.nicescroll.min.js]
[ashobiz.asia/boot-extended12/ui/js/placeholder.js]
[ashobiz.asia/boot-extended12/ui/js/respond.min.js]
[ashobiz.asia/boot-extended12/ui/js/html5shiv.js]
[ashobiz.asia/boot-extended12/ui/ui-252.html]
[ashobiz.asia/boot-extended12/ui/css/bootstrap.min.css]
[ashobiz.asia/boot-extended12/ui/fonts/fontawesome-webfonte0a5.eot]
[ashobiz.asia/boot-extended12/ui/fonts/fontawesome-webfontd41d.eot]
[ashobiz.asia/boot-extended12/ui/fonts/fontawesome-webfonte0a5.woff2]
[ashobiz.asia/boot-extended12/ui/fonts/fontawesome-webfonte0a5.woff]
[ashobiz.asia/boot-extended12/ui/fonts/fontawesome-webfonte0a5.ttf]
[ashobiz.asia/boot-extended12/ui/css/font-awesome.min.css]
[ashobiz.asia/boot-extended12/ui/css/style-252.css]
[ashobiz.asia/boot-extended12/ui/fonts/fontawesome-webfonte0a5.svg]
