[ashobiz.asia/boot-extended12/ui/ui-272.html]
[backblue.gif]
[fade.gif]
[index.html]
[ashobiz.asia/boot-extended12/ui/img/ui-272/1.jpg]
[ashobiz.asia/boot-extended12/ui/img/ui-272/2.jpg]
[ashobiz.asia/boot-extended12/ui/img/ui-272/3.jpg]
[ashobiz.asia/boot-extended12/ui/img/ui-272/4.jpg]
[ashobiz.asia/boot-extended12/ui/img/ui-272/5.jpg]
[ashobiz.asia/boot-extended12/ui/img/ui-272/6.jpg]
[ashobiz.asia/boot-extended12/ui/img/ui-272/7.jpg]
[ashobiz.asia/boot-extended12/ui/img/ui-272/8.jpg]
[ashobiz.asia/boot-extended12/ui/img/ui-272/9.jpg]
[ashobiz.asia/boot-extended12/ui/img/ui-272/10.jpg]
[ashobiz.asia/boot-extended12/ui/img/ui-272/11.jpg]
[ashobiz.asia/boot-extended12/ui/img/ui-272/12.jpg]
[ashobiz.asia/boot-extended12/ui/img/ui-272/13.jpg]
[ashobiz.asia/boot-extended12/ui/img/ui-272/14.jpg]
[ashobiz.asia/boot-extended12/ui/js/jquery.js]
[ashobiz.asia/boot-extended12/ui/js/bootstrap.min.js]
[ashobiz.asia/boot-extended12/ui/js/placeholder.js]
[ashobiz.asia/boot-extended12/ui/js/respond.min.js]
[ashobiz.asia/boot-extended12/ui/js/html5shiv.js]
[ashobiz.asia/boot-extended12/ui/ui-272.html]
[ashobiz.asia/boot-extended12/ui/css/bootstrap.min.css]
[ashobiz.asia/boot-extended12/ui/fonts/fontawesome-webfonte0a5.eot]
[ashobiz.asia/boot-extended12/ui/fonts/fontawesome-webfontd41d.eot]
[ashobiz.asia/boot-extended12/ui/fonts/fontawesome-webfonte0a5.woff2]
[ashobiz.asia/boot-extended12/ui/fonts/fontawesome-webfonte0a5.woff]
[ashobiz.asia/boot-extended12/ui/fonts/fontawesome-webfonte0a5.ttf]
[ashobiz.asia/boot-extended12/ui/css/font-awesome.min.css]
[ashobiz.asia/boot-extended12/ui/css/style-272.css]
[ashobiz.asia/boot-extended12/ui/fonts/fontawesome-webfonte0a5.svg]
