[ashobiz.asia/boot-extended12/ui/ui-171.html]
[backblue.gif]
[fade.gif]
[index.html]
[ashobiz.asia/boot-extended12/ui/img/ui-171/1.jpg]
[ashobiz.asia/boot-extended12/ui/img/ui-171/2.jpg]
[ashobiz.asia/boot-extended12/ui/img/ui-171/3.jpg]
[ashobiz.asia/boot-extended12/ui/img/ui-171/4.jpg]
[ashobiz.asia/boot-extended12/ui/img/ui-171/5.jpg]
[ashobiz.asia/boot-extended12/ui/img/ui-171/6.jpg]
[ashobiz.asia/boot-extended12/ui/img/ui-171/7.jpg]
[ashobiz.asia/boot-extended12/ui/img/ui-171/8.jpg]
[ashobiz.asia/boot-extended12/ui/img/ui-171/9.jpg]
[ashobiz.asia/boot-extended12/ui/img/ui-171/10.jpg]
[ashobiz.asia/boot-extended12/ui/img/ui-171/1-small.jpg]
[ashobiz.asia/boot-extended12/ui/img/ui-171/2-small.jpg]
[ashobiz.asia/boot-extended12/ui/img/ui-171/3-small.jpg]
[ashobiz.asia/boot-extended12/ui/img/ui-171/4-small.jpg]
[ashobiz.asia/boot-extended12/ui/img/ui-171/5-small.jpg]
[ashobiz.asia/boot-extended12/ui/img/ui-171/6-small.jpg]
[ashobiz.asia/boot-extended12/ui/img/ui-171/7-small.jpg]
[ashobiz.asia/boot-extended12/ui/img/ui-171/8-small.jpg]
[ashobiz.asia/boot-extended12/ui/img/ui-171/9-small.jpg]
[ashobiz.asia/boot-extended12/ui/img/ui-171/10-small.jpg]
[ashobiz.asia/boot-extended12/ui/js/jquery.js]
[ashobiz.asia/boot-extended12/ui/js/bootstrap.min.js]
[ashobiz.asia/boot-extended12/ui/js/owl.carousel.min.js]
[ashobiz.asia/boot-extended12/ui/js/placeholder.js]
[ashobiz.asia/boot-extended12/ui/js/respond.min.js]
[ashobiz.asia/boot-extended12/ui/js/html5shiv.js]
[ashobiz.asia/boot-extended12/ui/ui-171.html]
[ashobiz.asia/boot-extended12/ui/css/bootstrap.min.css]
[ashobiz.asia/boot-extended12/ui/fonts/fontawesome-webfonte0a5.eot]
[ashobiz.asia/boot-extended12/ui/fonts/fontawesome-webfontd41d.eot]
[ashobiz.asia/boot-extended12/ui/fonts/fontawesome-webfonte0a5.woff2]
[ashobiz.asia/boot-extended12/ui/fonts/fontawesome-webfonte0a5.woff]
[ashobiz.asia/boot-extended12/ui/fonts/fontawesome-webfonte0a5.ttf]
[ashobiz.asia/boot-extended12/ui/css/font-awesome.min.css]
[ashobiz.asia/boot-extended12/ui/css/grabbing.25.delayed]
[ashobiz.asia/boot-extended12/ui/css/owl.carousel.css]
[ashobiz.asia/boot-extended12/ui/css/style-171.css]
[ashobiz.asia/boot-extended12/ui/fonts/fontawesome-webfonte0a5.svg]
[ashobiz.asia/boot-extended12/ui/css/grabbing.html]
