[ashobiz.asia/boot-extended11/ui/ui-234.html]
[backblue.gif]
[fade.gif]
[index.html]
[ashobiz.asia/boot-extended11/ui/img/ui-234/1.jpg]
[ashobiz.asia/boot-extended11/ui/img/ui-234/2.jpg]
[ashobiz.asia/boot-extended11/ui/img/ui-234/3.jpg]
[ashobiz.asia/boot-extended11/ui/img/ui-234/4.jpg]
[ashobiz.asia/boot-extended11/ui/img/ui-234/5.jpg]
[ashobiz.asia/boot-extended11/ui/img/ui-234/6.jpg]
[ashobiz.asia/boot-extended11/ui/img/ui-234/7.jpg]
[ashobiz.asia/boot-extended11/ui/img/ui-234/8.jpg]
[ashobiz.asia/boot-extended11/ui/img/ui-234/9.jpg]
[ashobiz.asia/boot-extended11/ui/js/jquery.js]
[ashobiz.asia/boot-extended11/ui/js/bootstrap.min.js]
[ashobiz.asia/boot-extended11/ui/js/placeholder.js]
[ashobiz.asia/boot-extended11/ui/js/respond.min.js]
[ashobiz.asia/boot-extended11/ui/js/html5shiv.js]
[ashobiz.asia/boot-extended11/ui/ui-234.html]
[ashobiz.asia/boot-extended11/ui/css/bootstrap.min.css]
[ashobiz.asia/boot-extended11/ui/fonts/fontawesome-webfonte0a5.eot]
[ashobiz.asia/boot-extended11/ui/fonts/fontawesome-webfontd41d.eot]
[ashobiz.asia/boot-extended11/ui/fonts/fontawesome-webfonte0a5.woff2]
[ashobiz.asia/boot-extended11/ui/fonts/fontawesome-webfonte0a5.woff]
[ashobiz.asia/boot-extended11/ui/fonts/fontawesome-webfonte0a5.ttf]
[ashobiz.asia/boot-extended11/ui/css/font-awesome.min.css]
[ashobiz.asia/boot-extended11/ui/css/style-234.css]
[ashobiz.asia/boot-extended11/ui/fonts/fontawesome-webfonte0a5.svg]
