[ashobiz.asia/boot-extended12/ui/ui-269.html]
[backblue.gif]
[fade.gif]
[index.html]
[ashobiz.asia/boot-extended12/ui/img/ui-269/1.png]
[ashobiz.asia/boot-extended12/ui/img/ui-269/2.png]
[ashobiz.asia/boot-extended12/ui/img/ui-269/3.png]
[ashobiz.asia/boot-extended12/ui/img/ui-269/4.png]
[ashobiz.asia/boot-extended12/ui/img/ui-269/5.png]
[ashobiz.asia/boot-extended12/ui/img/ui-269/6.png]
[ashobiz.asia/boot-extended12/ui/img/ui-269/7.png]
[ashobiz.asia/boot-extended12/ui/img/ui-269/8.png]
[ashobiz.asia/boot-extended12/ui/js/jquery.js]
[ashobiz.asia/boot-extended12/ui/js/bootstrap.min.js]
[ashobiz.asia/boot-extended12/ui/js/placeholder.js]
[ashobiz.asia/boot-extended12/ui/js/respond.min.js]
[ashobiz.asia/boot-extended12/ui/js/html5shiv.js]
[ashobiz.asia/boot-extended12/ui/ui-269.html]
[ashobiz.asia/boot-extended12/ui/css/bootstrap.min.css]
[ashobiz.asia/boot-extended12/ui/fonts/fontawesome-webfonte0a5.eot]
[ashobiz.asia/boot-extended12/ui/fonts/fontawesome-webfontd41d.eot]
[ashobiz.asia/boot-extended12/ui/fonts/fontawesome-webfonte0a5.woff2]
[ashobiz.asia/boot-extended12/ui/fonts/fontawesome-webfonte0a5.woff]
[ashobiz.asia/boot-extended12/ui/fonts/fontawesome-webfonte0a5.ttf]
[ashobiz.asia/boot-extended12/ui/css/font-awesome.min.css]
[ashobiz.asia/boot-extended12/ui/css/style-269.css]
[ashobiz.asia/boot-extended12/ui/fonts/fontawesome-webfonte0a5.svg]
