[ashobiz.asia/boot-extended12/ui/ui-170.html]
[backblue.gif]
[fade.gif]
[index.html]
[ashobiz.asia/boot-extended12/ui/js/jquery.js]
[ashobiz.asia/boot-extended12/ui/js/bootstrap.min.js]
[ashobiz.asia/boot-extended12/ui/js/placeholder.js]
[ashobiz.asia/boot-extended12/ui/js/respond.min.js]
[ashobiz.asia/boot-extended12/ui/js/html5shiv.js]
[ashobiz.asia/boot-extended12/ui/ui-170.html]
[ashobiz.asia/boot-extended12/ui/css/bootstrap.min.css]
[ashobiz.asia/boot-extended12/ui/fonts/fontawesome-webfonte0a5.eot]
[ashobiz.asia/boot-extended12/ui/fonts/fontawesome-webfontd41d.eot]
[ashobiz.asia/boot-extended12/ui/fonts/fontawesome-webfonte0a5.woff2]
[ashobiz.asia/boot-extended12/ui/fonts/fontawesome-webfonte0a5.woff]
[ashobiz.asia/boot-extended12/ui/fonts/fontawesome-webfonte0a5.ttf]
[ashobiz.asia/boot-extended12/ui/css/font-awesome.min.css]
[ashobiz.asia/boot-extended12/ui/weather-icons/weathericons-regular-webfont.eot]
[ashobiz.asia/boot-extended12/ui/weather-icons/weathericons-regular-webfont.woff]
[ashobiz.asia/boot-extended12/ui/weather-icons/weathericons-regular-webfontd41d.eot]
[ashobiz.asia/boot-extended12/ui/weather-icons/weathericons-regular-webfont.ttf]
[ashobiz.asia/boot-extended12/ui/css/weather-icons.min.css]
[ashobiz.asia/boot-extended12/ui/css/style-170.css]
[ashobiz.asia/boot-extended12/ui/fonts/fontawesome-webfonte0a5.svg]
[ashobiz.asia/boot-extended12/ui/weather-icons/weathericons-regular-webfont.svg]
