[ashobiz.asia/boot-extended11/ui/ui-115.html]
[backblue.gif]
[fade.gif]
[index.html]
[ashobiz.asia/boot-extended11/ui/img/ui-115/1.jpg]
[ashobiz.asia/boot-extended11/ui/img/ui-115/2.jpg]
[ashobiz.asia/boot-extended11/ui/img/ui-115/3.jpg]
[ashobiz.asia/boot-extended11/ui/img/ui-115/4.jpg]
[ashobiz.asia/boot-extended11/ui/js/jquery.js]
[ashobiz.asia/boot-extended11/ui/js/bootstrap.min.js]
[ashobiz.asia/boot-extended11/ui/js/jquery.magnific-popup.min.js]
[ashobiz.asia/boot-extended11/ui/js/placeholder.js]
[ashobiz.asia/boot-extended11/ui/js/respond.min.js]
[ashobiz.asia/boot-extended11/ui/js/html5shiv.js]
[ashobiz.asia/boot-extended11/ui/ui-115.html]
[ashobiz.asia/boot-extended11/ui/css/bootstrap.min.css]
[ashobiz.asia/boot-extended11/ui/fonts/fontawesome-webfonte0a5.eot]
[ashobiz.asia/boot-extended11/ui/fonts/fontawesome-webfontd41d.eot]
[ashobiz.asia/boot-extended11/ui/fonts/fontawesome-webfonte0a5.woff2]
[ashobiz.asia/boot-extended11/ui/fonts/fontawesome-webfonte0a5.woff]
[ashobiz.asia/boot-extended11/ui/fonts/fontawesome-webfonte0a5.ttf]
[ashobiz.asia/boot-extended11/ui/css/font-awesome.min.css]
[ashobiz.asia/boot-extended11/ui/css/magnific-popup.css]
[ashobiz.asia/boot-extended11/ui/css/style-115.css]
[ashobiz.asia/boot-extended11/ui/fonts/fontawesome-webfonte0a5.svg]
