[ashobiz.asia/boot-extended12/ui/ui-191.html]
[backblue.gif]
[fade.gif]
[index.html]
[ashobiz.asia/boot-extended12/ui/img/ui-191/1.png]
[ashobiz.asia/boot-extended12/ui/img/ui-191/2.png]
[ashobiz.asia/boot-extended12/ui/img/ui-191/3.png]
[ashobiz.asia/boot-extended12/ui/img/ui-191/4.png]
[ashobiz.asia/boot-extended12/ui/img/ui-191/5.png]
[ashobiz.asia/boot-extended12/ui/img/ui-191/6.png]
[ashobiz.asia/boot-extended12/ui/img/ui-191/7.png]
[ashobiz.asia/boot-extended12/ui/img/ui-191/8.png]
[ashobiz.asia/boot-extended12/ui/img/ui-191/9.png]
[ashobiz.asia/boot-extended12/ui/img/ui-191/10.png]
[ashobiz.asia/boot-extended12/ui/img/ui-191/11.png]
[ashobiz.asia/boot-extended12/ui/img/ui-191/12.png]
[ashobiz.asia/boot-extended12/ui/js/jquery.js]
[ashobiz.asia/boot-extended12/ui/js/bootstrap.min.js]
[ashobiz.asia/boot-extended12/ui/js/placeholder.js]
[ashobiz.asia/boot-extended12/ui/js/respond.min.js]
[ashobiz.asia/boot-extended12/ui/js/html5shiv.js]
[ashobiz.asia/boot-extended12/ui/ui-191.html]
[ashobiz.asia/boot-extended12/ui/css/bootstrap.min.css]
[ashobiz.asia/boot-extended12/ui/fonts/fontawesome-webfonte0a5.eot]
[ashobiz.asia/boot-extended12/ui/fonts/fontawesome-webfontd41d.eot]
[ashobiz.asia/boot-extended12/ui/fonts/fontawesome-webfonte0a5.woff2]
[ashobiz.asia/boot-extended12/ui/fonts/fontawesome-webfonte0a5.woff]
[ashobiz.asia/boot-extended12/ui/fonts/fontawesome-webfonte0a5.ttf]
[ashobiz.asia/boot-extended12/ui/css/font-awesome.min.css]
[ashobiz.asia/boot-extended12/ui/css/style-191.css]
[ashobiz.asia/boot-extended12/ui/fonts/fontawesome-webfonte0a5.svg]
