[ashobiz.asia/boot-extended11/ui/ui-13.html]
[backblue.gif]
[fade.gif]
[index.html]
[ashobiz.asia/boot-extended11/ui/img/ui-10/clock.png]
[ashobiz.asia/boot-extended11/ui/img/ui-10/crown.png]
[ashobiz.asia/boot-extended11/ui/img/ui-10/heart.png]
[ashobiz.asia/boot-extended11/ui/img/ui-10/home.png]
[ashobiz.asia/boot-extended11/ui/img/ui-10/location.png]
[ashobiz.asia/boot-extended11/ui/img/ui-10/support.png]
[ashobiz.asia/boot-extended11/ui/js/jquery.js]
[ashobiz.asia/boot-extended11/ui/js/bootstrap.min.js]
[ashobiz.asia/boot-extended11/ui/js/placeholder.js]
[ashobiz.asia/boot-extended11/ui/js/respond.min.js]
[ashobiz.asia/boot-extended11/ui/js/html5shiv.js]
[ashobiz.asia/boot-extended11/ui/ui-13.html]
[ashobiz.asia/boot-extended11/ui/css/bootstrap.min.css]
[ashobiz.asia/boot-extended11/ui/fonts/fontawesome-webfonte0a5.eot]
[ashobiz.asia/boot-extended11/ui/fonts/fontawesome-webfontd41d.eot]
[ashobiz.asia/boot-extended11/ui/fonts/fontawesome-webfonte0a5.woff2]
[ashobiz.asia/boot-extended11/ui/fonts/fontawesome-webfonte0a5.woff]
[ashobiz.asia/boot-extended11/ui/fonts/fontawesome-webfonte0a5.ttf]
[ashobiz.asia/boot-extended11/ui/css/font-awesome.min.css]
[ashobiz.asia/boot-extended11/ui/img/ui-10/map.png]
[ashobiz.asia/boot-extended11/ui/css/style-13.css]
[ashobiz.asia/boot-extended11/ui/fonts/fontawesome-webfonte0a5.svg]
